Determining if the pthread_create exist failed with the following output:
Change Dir: /home/christ/zyoung/smoking/imagWrap/rectify/cmake-build-debug/CMakeFiles/CMakeTmp

Run Build Command:"/usr/bin/make" "cmTC_51ab0/fast"
/usr/bin/make -f CMakeFiles/cmTC_51ab0.dir/build.make CMakeFiles/cmTC_51ab0.dir/build
make[1]: Entering directory '/home/christ/zyoung/smoking/imagWrap/rectify/cmake-build-debug/CMakeFiles/CMakeTmp'
Building C object CMakeFiles/cmTC_51ab0.dir/CheckSymbolExists.c.o
/usr/bin/cc    -o CMakeFiles/cmTC_51ab0.dir/CheckSymbolExists.c.o   -c /home/christ/zyoung/smoking/imagWrap/rectify/cmake-build-debug/CMakeFiles/CMakeTmp/CheckSymbolExists.c
Linking C executable cmTC_51ab0
/snap/clion/61/bin/cmake/linux/bin/cmake -E cmake_link_script CMakeFiles/cmTC_51ab0.dir/link.txt --verbose=1
/usr/bin/cc      CMakeFiles/cmTC_51ab0.dir/CheckSymbolExists.c.o  -o cmTC_51ab0 
CMakeFiles/cmTC_51ab0.dir/CheckSymbolExists.c.o: In function `main':
CheckSymbolExists.c:(.text+0x16): undefined reference to `pthread_create'
collect2: error: ld returned 1 exit status
CMakeFiles/cmTC_51ab0.dir/build.make:86: recipe for target 'cmTC_51ab0' failed
make[1]: *** [cmTC_51ab0] Error 1
make[1]: Leaving directory '/home/christ/zyoung/smoking/imagWrap/rectify/cmake-build-debug/CMakeFiles/CMakeTmp'
Makefile:121: recipe for target 'cmTC_51ab0/fast' failed
make: *** [cmTC_51ab0/fast] Error 2

File /home/christ/zyoung/smoking/imagWrap/rectify/cmake-build-debug/CMakeFiles/CMakeTmp/CheckSymbolExists.c:
/* */
#include <pthread.h>

int main(int argc, char** argv)
{
  (void)argv;
#ifndef pthread_create
  return ((int*)(&pthread_create))[argc];
#else
  (void)argc;
  return 0;
#endif
}

Determining if the function pthread_create exists in the pthreads failed with the following output:
Change Dir: /home/christ/zyoung/smoking/imagWrap/rectify/cmake-build-debug/CMakeFiles/CMakeTmp

Run Build Command:"/usr/bin/make" "cmTC_f2dc9/fast"
/usr/bin/make -f CMakeFiles/cmTC_f2dc9.dir/build.make CMakeFiles/cmTC_f2dc9.dir/build
make[1]: Entering directory '/home/christ/zyoung/smoking/imagWrap/rectify/cmake-build-debug/CMakeFiles/CMakeTmp'
Building C object CMakeFiles/cmTC_f2dc9.dir/CheckFunctionExists.c.o
/usr/bin/cc   -DCHECK_FUNCTION_EXISTS=pthread_create   -o CMakeFiles/cmTC_f2dc9.dir/CheckFunctionExists.c.o   -c /snap/clion/61/bin/cmake/linux/share/cmake-3.13/Modules/CheckFunctionExists.c
Linking C executable cmTC_f2dc9
/snap/clion/61/bin/cmake/linux/bin/cmake -E cmake_link_script CMakeFiles/cmTC_f2dc9.dir/link.txt --verbose=1
/usr/bin/cc  -DCHECK_FUNCTION_EXISTS=pthread_create    CMakeFiles/cmTC_f2dc9.dir/CheckFunctionExists.c.o  -o cmTC_f2dc9 -lpthreads 
/usr/bin/ld: cannot find -lpthreads
collect2: error: ld returned 1 exit status
CMakeFiles/cmTC_f2dc9.dir/build.make:86: recipe for target 'cmTC_f2dc9' failed
make[1]: *** [cmTC_f2dc9] Error 1
make[1]: Leaving directory '/home/christ/zyoung/smoking/imagWrap/rectify/cmake-build-debug/CMakeFiles/CMakeTmp'
Makefile:121: recipe for target 'cmTC_f2dc9/fast' failed
make: *** [cmTC_f2dc9/fast] Error 2


